# JRE version: OpenJDK Runtime Environment (20.0+36) (build 20+36-2344)
# Java VM: OpenJDK 64-Bit Server VM (20+36-2344, mixed mode, sharing, tiered, compressed oops, compressed class ptrs, g1 gc, windows-amd64)
GC Precious Log:
 CardTable entry size: 512
 Card Set container configuration: InlinePtr #cards 4 size 8 Array Of Cards #cards 16 size 48 Howl #buckets 8 coarsen threshold 3686 Howl Bitmap #cards 512 size 80 coarsen threshold 460 Card regions per heap region 1 cards per card region 4096
 CPUs: 8 total, 8 available
 Memory: 16265M
 Large Page Support: Disabled
 NUMA Support: Disabled
 Compressed Oops: Enabled (Zero based)
 Heap Region Size: 2M
 Heap Min Capacity: 8M
 Heap Initial Capacity: 256M
 Heap Max Capacity: 4068M
 Pre-touch: Disabled
 Parallel Workers: 8
 Concurrent Workers: 2
 Concurrent Refinement Workers: 8
 Periodic GC: Disabled
Heap:
 garbage-first heap   total 79872K, used 64230K [0x0000000701c00000, 0x0000000800000000)
  region size 2048K, 16 young (32768K), 1 survivors (2048K)
 Metaspace       used 83901K, committed 84736K, reserved 1179648K
  class space    used 10733K, committed 11136K, reserved 1048576K
GC Heap History (20 events):
Event: 2497.379 GC heap before
{Heap before GC invocations=197 (full 0):
 garbage-first heap   total 79872K, used 66414K [0x0000000701c00000, 0x0000000800000000)
  region size 2048K, 16 young (32768K), 1 survivors (2048K)
 Metaspace       used 83888K, committed 84736K, reserved 1179648K
  class space    used 10733K, committed 11136K, reserved 1048576K
}
Event: 2497.380 GC heap after
{Heap after GC invocations=198 (full 0):
 garbage-first heap   total 79872K, used 37766K [0x0000000701c00000, 0x0000000800000000)
  region size 2048K, 1 young (2048K), 1 survivors (2048K)
 Metaspace       used 83888K, committed 84736K, reserved 1179648K
  class space    used 10733K, committed 11136K, reserved 1048576K
}
Event: 2499.425 GC heap before
{Heap before GC invocations=198 (full 0):
 garbage-first heap   total 79872K, used 68486K [0x0000000701c00000, 0x0000000800000000)
  region size 2048K, 16 young (32768K), 1 survivors (2048K)
 Metaspace       used 83888K, committed 84736K, reserved 1179648K
  class space    used 10733K, committed 11136K, reserved 1048576K
}
Event: 2499.426 GC heap after
{Heap after GC invocations=199 (full 0):
 garbage-first heap   total 79872K, used 37616K [0x0000000701c00000, 0x0000000800000000)
  region size 2048K, 1 young (2048K), 1 survivors (2048K)
 Metaspace       used 83888K, committed 84736K, reserved 1179648K
  class space    used 10733K, committed 11136K, reserved 1048576K
}
Event: 2500.916 GC heap before
{Heap before GC invocations=200 (full 0):
 garbage-first heap   total 79872K, used 66288K [0x0000000701c00000, 0x0000000800000000)
  region size 2048K, 16 young (32768K), 1 survivors (2048K)
 Metaspace       used 83888K, committed 84736K, reserved 1179648K
  class space    used 10733K, committed 11136K, reserved 1048576K
}
Event: 2500.917 GC heap after
{Heap after GC invocations=201 (full 0):
 garbage-first heap   total 79872K, used 37619K [0x0000000701c00000, 0x0000000800000000)
  region size 2048K, 1 young (2048K), 1 survivors (2048K)
 Metaspace       used 83888K, committed 84736K, reserved 1179648K
  class space    used 10733K, committed 11136K, reserved 1048576K
}
Event: 2502.592 GC heap before
{Heap before GC invocations=201 (full 0):
 garbage-first heap   total 79872K, used 66291K [0x0000000701c00000, 0x0000000800000000)
  region size 2048K, 16 young (32768K), 1 survivors (2048K)
 Metaspace       used 83888K, committed 84736K, reserved 1179648K
  class space    used 10733K, committed 11136K, reserved 1048576K
}
Event: 2502.593 GC heap after
{Heap after GC invocations=202 (full 0):
 garbage-first heap   total 79872K, used 37617K [0x0000000701c00000, 0x0000000800000000)
  region size 2048K, 1 young (2048K), 1 survivors (2048K)
 Metaspace       used 83888K, committed 84736K, reserved 1179648K
  class space    used 10733K, committed 11136K, reserved 1048576K
}
Event: 2504.494 GC heap before
{Heap before GC invocations=203 (full 0):
 garbage-first heap   total 79872K, used 66289K [0x0000000701c00000, 0x0000000800000000)
  region size 2048K, 16 young (32768K), 1 survivors (2048K)
 Metaspace       used 83889K, committed 84736K, reserved 1179648K
  class space    used 10733K, committed 11136K, reserved 1048576K
}
Event: 2504.496 GC heap after
{Heap after GC invocations=204 (full 0):
 garbage-first heap   total 79872K, used 37659K [0x0000000701c00000, 0x0000000800000000)
  region size 2048K, 1 young (2048K), 1 survivors (2048K)
 Metaspace       used 83889K, committed 84736K, reserved 1179648K
  class space    used 10733K, committed 11136K, reserved 1048576K
}
Event: 2506.213 GC heap before
{Heap before GC invocations=204 (full 0):
 garbage-first heap   total 79872K, used 68379K [0x0000000701c00000, 0x0000000800000000)
  region size 2048K, 16 young (32768K), 1 survivors (2048K)
 Metaspace       used 83889K, committed 84736K, reserved 1179648K
  class space    used 10733K, committed 11136K, reserved 1048576K
}
Event: 2506.215 GC heap after
{Heap after GC invocations=205 (full 0):
 garbage-first heap   total 79872K, used 37666K [0x0000000701c00000, 0x0000000800000000)
  region size 2048K, 1 young (2048K), 1 survivors (2048K)
 Metaspace       used 83889K, committed 84736K, reserved 1179648K
  class space    used 10733K, committed 11136K, reserved 1048576K
}
Event: 2507.871 GC heap before
{Heap before GC invocations=206 (full 0):
 garbage-first heap   total 79872K, used 66338K [0x0000000701c00000, 0x0000000800000000)
  region size 2048K, 16 young (32768K), 1 survivors (2048K)
 Metaspace       used 83889K, committed 84736K, reserved 1179648K
  class space    used 10733K, committed 11136K, reserved 1048576K
}
Event: 2507.873 GC heap after
{Heap after GC invocations=207 (full 0):
 garbage-first heap   total 79872K, used 37614K [0x0000000701c00000, 0x0000000800000000)
  region size 2048K, 1 young (2048K), 1 survivors (2048K)
 Metaspace       used 83889K, committed 84736K, reserved 1179648K
  class space    used 10733K, committed 11136K, reserved 1048576K
}
Event: 2510.397 GC heap before
{Heap before GC invocations=207 (full 0):
 garbage-first heap   total 79872K, used 66286K [0x0000000701c00000, 0x0000000800000000)
  region size 2048K, 16 young (32768K), 1 survivors (2048K)
 Metaspace       used 83889K, committed 84736K, reserved 1179648K
  class space    used 10733K, committed 11136K, reserved 1048576K
}
Event: 2510.399 GC heap after
{Heap after GC invocations=208 (full 0):
 garbage-first heap   total 79872K, used 37664K [0x0000000701c00000, 0x0000000800000000)
  region size 2048K, 1 young (2048K), 1 survivors (2048K)
 Metaspace       used 83889K, committed 84736K, reserved 1179648K
  class space    used 10733K, committed 11136K, reserved 1048576K
}
Event: 2511.934 GC heap before
{Heap before GC invocations=209 (full 0):
 garbage-first heap   total 79872K, used 68384K [0x0000000701c00000, 0x0000000800000000)
  region size 2048K, 16 young (32768K), 1 survivors (2048K)
 Metaspace       used 83890K, committed 84736K, reserved 1179648K
  class space    used 10733K, committed 11136K, reserved 1048576K
}
Event: 2511.936 GC heap after
{Heap after GC invocations=210 (full 0):
 garbage-first heap   total 79872K, used 37638K [0x0000000701c00000, 0x0000000800000000)
  region size 2048K, 1 young (2048K), 1 survivors (2048K)
 Metaspace       used 83890K, committed 84736K, reserved 1179648K
  class space    used 10733K, committed 11136K, reserved 1048576K
}
Event: 2513.860 GC heap before
{Heap before GC invocations=210 (full 0):
 garbage-first heap   total 79872K, used 66310K [0x0000000701c00000, 0x0000000800000000)
  region size 2048K, 16 young (32768K), 1 survivors (2048K)
 Metaspace       used 83891K, committed 84736K, reserved 1179648K
  class space    used 10733K, committed 11136K, reserved 1048576K
}
Event: 2513.862 GC heap after
{Heap after GC invocations=211 (full 0):
 garbage-first heap   total 79872K, used 37606K [0x0000000701c00000, 0x0000000800000000)
  region size 2048K, 1 young (2048K), 1 survivors (2048K)
 Metaspace       used 83891K, committed 84736K, reserved 1179648K
  class space    used 10733K, committed 11136K, reserved 1048576K
}

